<?xml version="1.0" encoding="UTF-8"?>
<!-- Generated by org.testng.reporters.JUnitReportReporter -->
<testsuite hostname="DESKTOP-DJ4FDME" failures="0" tests="1" name="testPkg.TestScenario6" time="0.001" errors="0" timestamp="2023-09-05T08:50:42 IST" skipped="0">
  <testcase classname="testPkg.TestScenario6" name="third_testcase" time="0.001"/>
</testsuite> <!-- testPkg.TestScenario6 -->
