<?xml version="1.0" encoding="UTF-8"?>
<!-- Generated by org.testng.reporters.JUnitReportReporter -->
<testsuite hostname="DESKTOP-DJ4FDME" failures="0" tests="6" name="testPkg.TestScenario3" time="0.021" errors="0" timestamp="2023-09-05T08:45:52 IST" skipped="0">
  <testcase classname="testPkg.TestScenario3" name="fifth_testcase" time="0.016"/>
  <testcase classname="testPkg.TestScenario3" name="third_testcase" time="0.001"/>
  <testcase classname="testPkg.TestScenario3" name="sixth_testcase" time="0.001"/>
  <testcase classname="testPkg.TestScenario3" name="forth_testcase" time="0.001"/>
  <testcase classname="testPkg.TestScenario3" name="second_testcase" time="0.001"/>
  <testcase classname="testPkg.TestScenario3" name="first_testcase" time="0.001"/>
</testsuite> <!-- testPkg.TestScenario3 -->
