<?xml version="1.0" encoding="UTF-8"?>
<!-- Generated by org.testng.reporters.JUnitReportReporter -->
<testsuite hostname="DESKTOP-DJ4FDME" failures="0" tests="1" name="automation.FirstAutomation" time="6.634" errors="0" timestamp="2023-09-08T08:52:49 IST" skipped="0">
  <testcase classname="automation.FirstAutomation" name="fbloginFunctionality" time="6.634"/>
</testsuite> <!-- automation.FirstAutomation -->
