<?xml version="1.0" encoding="UTF-8"?>
<!-- Generated by org.testng.reporters.JUnitReportReporter -->
<testsuite hostname="DESKTOP-DJ4FDME" failures="0" tests="1" name="testPkg.TestScenario4" time="0.018" errors="0" timestamp="2023-09-05T08:51:55 IST" skipped="0">
  <testcase classname="testPkg.TestScenario4" name="first_testcase" time="0.018"/>
</testsuite> <!-- testPkg.TestScenario4 -->
