<?xml version="1.0" encoding="UTF-8"?>
<!-- Generated by org.testng.reporters.JUnitReportReporter -->
<testsuite hostname="DESKTOP-DJ4FDME" failures="0" tests="6" name="testPkg.TestScenario7" time="0.007" errors="0" timestamp="2023-09-05T08:27:54 IST" skipped="0">
  <testcase classname="testPkg.TestScenario7" name="fifth_testcase" time="0.001"/>
  <testcase classname="testPkg.TestScenario7" name="forth_testcase" time="0.002"/>
  <testcase classname="testPkg.TestScenario7" name="sixth_testcase" time="0.001"/>
  <testcase classname="testPkg.TestScenario7" name="first_testcase" time="0.002"/>
  <testcase classname="testPkg.TestScenario7" name="second_testcase" time="0.001"/>
  <testcase classname="testPkg.TestScenario7" name="third_testcase" time="0.000"/>
</testsuite> <!-- testPkg.TestScenario7 -->
