<?xml version="1.0" encoding="UTF-8"?>
<!-- Generated by org.testng.reporters.JUnitReportReporter -->
<testsuite hostname="DESKTOP-DJ4FDME" failures="0" tests="6" name="testPkg.TestScenario9" time="0.010" errors="0" timestamp="2023-09-05T08:27:54 IST" skipped="0">
  <testcase classname="testPkg.TestScenario9" name="fifth_testcase" time="0.002"/>
  <testcase classname="testPkg.TestScenario9" name="forth_testcase" time="0.002"/>
  <testcase classname="testPkg.TestScenario9" name="sixth_testcase" time="0.001"/>
  <testcase classname="testPkg.TestScenario9" name="first_testcase" time="0.002"/>
  <testcase classname="testPkg.TestScenario9" name="second_testcase" time="0.001"/>
  <testcase classname="testPkg.TestScenario9" name="third_testcase" time="0.002"/>
</testsuite> <!-- testPkg.TestScenario9 -->
