<?xml version="1.0" encoding="UTF-8"?>
<!-- Generated by org.testng.reporters.JUnitReportReporter -->
<testsuite hostname="DESKTOP-DJ4FDME" failures="0" tests="6" name="testPkg.TestScenario5" time="0.008" errors="0" timestamp="2023-09-05T08:27:54 IST" skipped="0">
  <testcase classname="testPkg.TestScenario5" name="fifth_testcase" time="0.003"/>
  <testcase classname="testPkg.TestScenario5" name="forth_testcase" time="0.001"/>
  <testcase classname="testPkg.TestScenario5" name="sixth_testcase" time="0.001"/>
  <testcase classname="testPkg.TestScenario5" name="first_testcase" time="0.001"/>
  <testcase classname="testPkg.TestScenario5" name="second_testcase" time="0.001"/>
  <testcase classname="testPkg.TestScenario5" name="third_testcase" time="0.001"/>
</testsuite> <!-- testPkg.TestScenario5 -->
