<?xml version="1.0" encoding="UTF-8"?>
<!-- Generated by org.testng.reporters.JUnitReportReporter -->
<testsuite hostname="DESKTOP-DJ4FDME" failures="0" tests="6" name="testPkg.TestScenario2" time="0.009" errors="0" timestamp="2023-09-05T08:27:54 IST" skipped="1">
  <testcase classname="testPkg.TestScenario2" name="fifth_testcase" time="0.003"/>
  <testcase classname="testPkg.TestScenario2" name="forth_testcase" time="0.001"/>
  <testcase classname="testPkg.TestScenario2" name="third_testcase" time="0.002"/>
  <testcase classname="testPkg.TestScenario2" name="first_testcase" time="0.001"/>
  <testcase classname="testPkg.TestScenario2" name="sixth_testcase" time="0.002"/>
  <testcase classname="testPkg.TestScenario2" name="second_testcase">
    <skipped/>
  </testcase> <!-- second_testcase -->
</testsuite> <!-- testPkg.TestScenario2 -->
